#
# There is insufficient memory for the Java Runtime Environment to continue.
# Native memory allocation (mmap) failed to map 67108864 bytes for G1 virtual space
# Possible reasons:
#   The system is out of physical RAM or swap space
#   The process is running with CompressedOops enabled, and the Java Heap may be blocking the growth of the native heap
# Possible solutions:
#   Reduce memory load on the system
#   Increase physical memory or swap space
#   Check if swap backing store is full
#   Decrease Java heap size (-Xmx/-Xms)
#   Decrease number of Java threads
#   Decrease Java thread stack sizes (-Xss)
#   Set larger code cache with -XX:ReservedCodeCacheSize=
#   JVM is running with Unscaled Compressed Oops mode in which the Java heap is
#     placed in the first 4GB address space. The Java Heap base address is the
#     maximum limit for the native heap growth. Please use -XX:HeapBaseMinAddress
#     to set the Java Heap base and to place the Java Heap above 4GB virtual address.
# This output file may be truncated or incomplete.
#
#  Out of Memory Error (./open/src/hotspot/os/windows/os_windows.cpp:3472), pid=6156, tid=7320
#
# JRE version:  (15.0.1+9) (build )
# Java VM: Java HotSpot(TM) 64-Bit Server VM (15.0.1+9-18, mixed mode, sharing, tiered, compressed oops, g1 gc, windows-amd64)
# No core dump will be written. Minidumps are not enabled by default on client versions of Windows
#

---------------  S U M M A R Y ------------

Command Line: -Dcom.sun.management.jmxremote -Dcom.sun.management.jmxremote.port=50398 -Dcom.sun.management.jmxremote.authenticate=false -Dcom.sun.management.jmxremote.ssl=false -Djava.rmi.server.hostname=localhost -Dspring.jmx.enabled=true -Dspring.application.admin.enabled=true -XX:TieredStopAtLevel=1 -Dspring.boot.project.name=rest-book -Dfile.encoding=UTF-8 -XX:+ShowCodeDetailsInExceptionMessages com.api.book.restbook.RestBookApplication

Host: Intel(R) Core(TM) i3-4005U CPU @ 1.70GHz, 4 cores, 3G,  Windows 10 , 64 bit Build 19041 (10.0.19041.1348)
Time: Fri Dec 31 13:46:27 2021 India Standard Time elapsed time: 0.125792 seconds (0d 0h 0m 0s)

---------------  T H R E A D  ---------------

Current thread (0x000002ce06935460):  JavaThread "Unknown thread" [_thread_in_vm, id=7320, stack(0x000000dd8a600000,0x000000dd8a700000)]

Stack: [0x000000dd8a600000,0x000000dd8a700000]
Native frames: (J=compiled Java code, j=interpreted, Vv=VM code, C=native code)
V  [jvm.dll+0x62ae9a]
V  [jvm.dll+0x781389]
V  [jvm.dll+0x782ae3]
V  [jvm.dll+0x783143]
V  [jvm.dll+0x216265]
V  [jvm.dll+0x6281d9]
V  [jvm.dll+0x61cd15]
V  [jvm.dll+0x2d01fd]
V  [jvm.dll+0x2d0062]
V  [jvm.dll+0x2d603c]
V  [jvm.dll+0x325b2a]
V  [jvm.dll+0x3251f4]
V  [jvm.dll+0x2a717a]
V  [jvm.dll+0x2a8318]
V  [jvm.dll+0x75e101]
V  [jvm.dll+0x3343e4]
V  [jvm.dll+0x73e826]
V  [jvm.dll+0x3b7777]
V  [jvm.dll+0x3b9201]
C  [jli.dll+0x52fb]
C  [ucrtbase.dll+0x21bb2]
C  [KERNEL32.DLL+0x17034]
C  [ntdll.dll+0x52651]


---------------  P R O C E S S  ---------------

Threads class SMR info:
_java_thread_list=0x00007ffdca654ff0, length=0, elements={
}

Java Threads: ( => current thread )

Other Threads:
  0x000002ce06966ec0 GCTaskThread "GC Thread#0" [stack: 0x000000dd8a700000,0x000000dd8a800000] [id=5748]
  0x000002ce06970580 ConcurrentGCThread "G1 Main Marker" [stack: 0x000000dd8a800000,0x000000dd8a900000] [id=10232]
  0x000002ce06972090 ConcurrentGCThread "G1 Conc#0" [stack: 0x000000dd8a900000,0x000000dd8aa00000] [id=6448]

[error occurred during error reporting (printing all threads), id 0xc0000005, EXCEPTION_ACCESS_VIOLATION (0xc0000005) at pc=0x00007ffdc9e48047]

VM state: not at safepoint (not fully initialized)

VM Mutex/Monitor currently owned by a thread:  ([mutex/lock_event])
[0x000002ce06931640] Heap_lock - owner thread: 0x000002ce06935460

Heap address: 0x00000000c1600000, size: 1002 MB, Compressed Oops mode: 32-bit
CDS archive(s) mapped at: [0x0000000000000000-0x0000000000000000-0x0000000000000000), size 0, SharedBaseAddress: 0x0000000800000000, ArchiveRelocationMode: 0.
Narrow klass base: 0x0000000000000000, Narrow klass shift: 0, Narrow klass range: 0x0

Heap:
 garbage-first heap   total 65536K, used 0K [0x00000000c1600000, 0x0000000100000000)
  region size 1024K, 0 young (0K), 0 survivors (0K)
 Metaspace       used 0K, capacity 0K, committed 0K, reserved 0K
  class space    used 0K, capacity 0K, committed 0K, reserved 0K

Heap Regions: E=young(eden), S=young(survivor), O=old, HS=humongous(starts), HC=humongous(continues), CS=collection set, F=free, OA=open archive, CA=closed archive, TAMS=top-at-mark-start (previous, next)

Card table byte_map: [0x000002ce1dd70000,0x000002ce1df70000] _byte_map_base: 0x000002ce1d765000

Marking Bits (Prev, Next): (CMBitMap*) 0x000002ce06967640, (CMBitMap*) 0x000002ce06967680
 Prev Bits: [0x000002ce1e170000, 0x000002ce1f118000)
 Next Bits: [0x000002ce1f120000, 0x000002ce200c8000)

GC Heap History (0 events):
No events

Deoptimization events (0 events):
No events

Classes unloaded (0 events):
No events

Classes redefined (0 events):
No events

Internal exceptions (0 events):
No events

Events (1 events):
Event: 0.073 Loaded shared library C:\Program Files\Java\jdk-15.0.1\bin\java.dll


Dynamic libraries:
0x00007ff74e7f0000 - 0x00007ff74e7ff000 	C:\Program Files\Java\jdk-15.0.1\bin\javaw.exe
0x00007ffe08f90000 - 0x00007ffe09185000 	C:\WINDOWS\SYSTEM32\ntdll.dll
0x00007ffe08b20000 - 0x00007ffe08bde000 	C:\WINDOWS\System32\KERNEL32.DLL
0x00007ffe06740000 - 0x00007ffe06a08000 	C:\WINDOWS\System32\KERNELBASE.dll
0x00007ffe06aa0000 - 0x00007ffe06ba0000 	C:\WINDOWS\System32\ucrtbase.dll
0x00007ffe01c30000 - 0x00007ffe01c49000 	C:\Program Files\Java\jdk-15.0.1\bin\VCRUNTIME140.dll
0x00007ffdfbd80000 - 0x00007ffdfbd98000 	C:\Program Files\Java\jdk-15.0.1\bin\jli.dll
0x00007ffe08210000 - 0x00007ffe082bc000 	C:\WINDOWS\System32\ADVAPI32.dll
0x00007ffe08db0000 - 0x00007ffe08e4e000 	C:\WINDOWS\System32\msvcrt.dll
0x00007ffe08a80000 - 0x00007ffe08b1b000 	C:\WINDOWS\System32\sechost.dll
0x00007ffe08750000 - 0x00007ffe0887a000 	C:\WINDOWS\System32\RPCRT4.dll
0x00007ffe07460000 - 0x00007ffe07601000 	C:\WINDOWS\System32\USER32.dll
0x00007ffe06fa0000 - 0x00007ffe06fc2000 	C:\WINDOWS\System32\win32u.dll
0x00007ffe073a0000 - 0x00007ffe073cb000 	C:\WINDOWS\System32\GDI32.dll
0x00007ffe06e40000 - 0x00007ffe06f4d000 	C:\WINDOWS\System32\gdi32full.dll
0x00007ffe066a0000 - 0x00007ffe0673d000 	C:\WINDOWS\System32\msvcp_win.dll
0x00007ffdf9dc0000 - 0x00007ffdfa05a000 	C:\WINDOWS\WinSxS\amd64_microsoft.windows.common-controls_6595b64144ccf1df_6.0.19041.1110_none_60b5254171f9507e\COMCTL32.dll
0x00007ffdfa9e0000 - 0x00007ffdfa9ea000 	C:\WINDOWS\SYSTEM32\VERSION.dll
0x00007ffe07430000 - 0x00007ffe07460000 	C:\WINDOWS\System32\IMM32.DLL
0x00007ffe03ba0000 - 0x00007ffe03bac000 	C:\Program Files\Java\jdk-15.0.1\bin\vcruntime140_1.dll
0x00007ffdca6f0000 - 0x00007ffdca781000 	C:\Program Files\Java\jdk-15.0.1\bin\msvcp140.dll
0x00007ffdc9b90000 - 0x00007ffdca6ee000 	C:\Program Files\Java\jdk-15.0.1\bin\server\jvm.dll
0x00007ffe082c0000 - 0x00007ffe082c8000 	C:\WINDOWS\System32\PSAPI.DLL
0x00007ffdfae40000 - 0x00007ffdfae67000 	C:\WINDOWS\SYSTEM32\WINMM.dll
0x00007ffdff110000 - 0x00007ffdff119000 	C:\WINDOWS\SYSTEM32\WSOCK32.dll
0x00007ffe08880000 - 0x00007ffe088eb000 	C:\WINDOWS\System32\WS2_32.dll
0x00007ffe04f10000 - 0x00007ffe04f22000 	C:\WINDOWS\SYSTEM32\kernel.appcore.dll
0x00007ffdfefc0000 - 0x00007ffdfefca000 	C:\Program Files\Java\jdk-15.0.1\bin\jimage.dll
0x00007ffdf2f40000 - 0x00007ffdf3124000 	C:\WINDOWS\SYSTEM32\DBGHELP.DLL
0x00007ffdf31f0000 - 0x00007ffdf321c000 	C:\WINDOWS\SYSTEM32\dbgcore.DLL
0x00007ffe06a10000 - 0x00007ffe06a92000 	C:\WINDOWS\System32\bcryptPrimitives.dll
0x00007ffdf78d0000 - 0x00007ffdf78f5000 	C:\Program Files\Java\jdk-15.0.1\bin\java.dll

dbghelp: loaded successfully - version: 4.0.5 - missing functions: none
symbol engine: initialized successfully - sym options: 0x614 - pdb path: .;C:\Program Files\Java\jdk-15.0.1\bin;C:\WINDOWS\SYSTEM32;C:\WINDOWS\WinSxS\amd64_microsoft.windows.common-controls_6595b64144ccf1df_6.0.19041.1110_none_60b5254171f9507e;C:\Program Files\Java\jdk-15.0.1\bin\server

VM Arguments:
jvm_args: -Dcom.sun.management.jmxremote -Dcom.sun.management.jmxremote.port=50398 -Dcom.sun.management.jmxremote.authenticate=false -Dcom.sun.management.jmxremote.ssl=false -Djava.rmi.server.hostname=localhost -Dspring.jmx.enabled=true -Dspring.application.admin.enabled=true -XX:TieredStopAtLevel=1 -Dspring.boot.project.name=rest-book -Dfile.encoding=UTF-8 -XX:+ShowCodeDetailsInExceptionMessages 
java_command: com.api.book.restbook.RestBookApplication
java_class_path (initial): C:\Users\m\Downloads\rest-book\rest-book\target\classes;C:\Users\m\.m2\repository\org\springframework\boot\spring-boot-starter-web\2.6.2\spring-boot-starter-web-2.6.2.jar;C:\Users\m\.m2\repository\org\springframework\boot\spring-boot-starter\2.6.2\spring-boot-starter-2.6.2.jar;C:\Users\m\.m2\repository\org\springframework\boot\spring-boot-starter-logging\2.6.2\spring-boot-starter-logging-2.6.2.jar;C:\Users\m\.m2\repository\ch\qos\logback\logback-classic\1.2.9\logback-classic-1.2.9.jar;C:\Users\m\.m2\repository\ch\qos\logback\logback-core\1.2.9\logback-core-1.2.9.jar;C:\Users\m\.m2\repository\org\apache\logging\log4j\log4j-to-slf4j\2.17.0\log4j-to-slf4j-2.17.0.jar;C:\Users\m\.m2\repository\org\apache\logging\log4j\log4j-api\2.17.0\log4j-api-2.17.0.jar;C:\Users\m\.m2\repository\org\slf4j\jul-to-slf4j\1.7.32\jul-to-slf4j-1.7.32.jar;C:\Users\m\.m2\repository\jakarta\annotation\jakarta.annotation-api\1.3.5\jakarta.annotation-api-1.3.5.jar;C:\Users\m\.m2\repository\org\yaml\snakeyaml\1.29\snakeyaml-1.29.jar;C:\Users\m\.m2\repository\org\springframework\boot\spring-boot-starter-json\2.6.2\spring-boot-starter-json-2.6.2.jar;C:\Users\m\.m2\repository\com\fasterxml\jackson\core\jackson-databind\2.13.1\jackson-databind-2.13.1.jar;C:\Users\m\.m2\repository\com\fasterxml\jackson\core\jackson-annotations\2.13.1\jackson-annotations-2.13.1.jar;C:\Users\m\.m2\repository\com\fasterxml\jackson\core\jackson-core\2.13.1\jackson-core-2.13.1.jar;C:\Users\m\.m2\repository\com\fasterxml\jackson\datatype\jackson-datatype-jdk8\2.13.1\jackson-datatype-jdk8-2.13.1.jar;C:\Users\m\.m2\repository\com\fasterxml\jackson\datatype\jackson-datatype-jsr310\2.13.1\jackson-datatype-jsr310-2.13.1.jar;C:\Users\m\.m2\repository\com\fasterxml\jackson\module\jackson-module-parameter-names\2.13.1\jackson-module-parameter-names-2.13.1.jar;C:\Users\m\.m2\repository\org\springframework\boot\spring-boot-starter-tomcat\2.6.2\spring-boot-starter-tomcat-2.6.2.jar;C:\Users\m\.m2\repository\
Launcher Type: SUN_STANDARD

[Global flags]
     intx CICompilerCount                          = 3                                         {product} {ergonomic}
     uint ConcGCThreads                            = 1                                         {product} {ergonomic}
     uint G1ConcRefinementThreads                  = 4                                         {product} {ergonomic}
   size_t G1HeapRegionSize                         = 1048576                                   {product} {ergonomic}
    uintx GCDrainStackTargetSize                   = 64                                        {product} {ergonomic}
   size_t InitialHeapSize                          = 67108864                                  {product} {ergonomic}
     bool ManagementServer                         = true                                      {product} {command line}
   size_t MarkStackSize                            = 4194304                                   {product} {ergonomic}
   size_t MaxHeapSize                              = 1050673152                                {product} {ergonomic}
   size_t MinHeapDeltaBytes                        = 1048576                                   {product} {ergonomic}
   size_t MinHeapSize                              = 8388608                                   {product} {ergonomic}
    uintx NonNMethodCodeHeapSize                   = 6973028                                {pd product} {ergonomic}
    uintx NonProfiledCodeHeapSize                  = 244685212                              {pd product} {ergonomic}
    uintx ProfiledCodeHeapSize                     = 0                                      {pd product} {ergonomic}
    uintx ReservedCodeCacheSize                    = 251658240                              {pd product} {ergonomic}
     bool SegmentedCodeCache                       = true                                      {product} {ergonomic}
     bool ShowCodeDetailsInExceptionMessages       = true                                   {manageable} {command line}
   size_t SoftMaxHeapSize                          = 1050673152                             {manageable} {ergonomic}
     intx TieredStopAtLevel                        = 1                                         {product} {command line}
     bool UseCompressedClassPointers               = true                                 {lp64_product} {ergonomic}
     bool UseCompressedOops                        = true                                 {lp64_product} {ergonomic}
     bool UseG1GC                                  = true                                      {product} {ergonomic}
     bool UseLargePagesIndividualAllocation        = false                                  {pd product} {ergonomic}

Logging:
Log output configuration:
 #0: stdout all=warning uptime,level,tags
 #1: stderr all=off uptime,level,tags

Environment Variables:
JAVA_HOME=C:\Program Files\Java\jdk-15.0.1
CLASSPATH=C:\oraclexe\app\oracle\product\10.2.0\server\jdbc\lib
PATH=C:\oraclexe\app\oracle\product\10.2.0\server\bin;C:\Program Files\Common Files\Oracle\Java\javapath;"C:\Program Files (x86)\Common Files\Oracle\Java\javapath;C:\Program Files\Java\jdk1.8.0_211\bin";C:\WINDOWS\system32;C:\WINDOWS;C:\WINDOWS\system32\Wbem;C:\ProgramData\Oracle\Java\javapath;C:\WINDOWS\System32\WindowsPowerShell\v1.0\;C:\Program Files (x86)\Microsoft SQL Server\100\Tools\Binn\;C:\Program Files\Microsoft SQL Server\100\Tools\Binn\;C:\Program Files\Microsoft SQL Server\100\DTS\Binn\;C:\Program Files (x86)\Microsoft SQL Server\100\Tools\Binn\VSShell\Common7\IDE\;C:\Program Files (x86)\Microsoft SQL Server\100\DTS\Binn\;C:\WINDOWS\System32\OpenSSH\;C:\Program Files\Java\jdk1.8.0_211\bin;C:\WINDOWS\System32\Wbem;C:\Program Files\nodejs\;C:\Program Files\Git\cmd;C:\Program Files\apache-maven-3.8.1\bin;C:\Users\m\AppData\Local\Microsoft\WindowsApps;C:\Users\m\AppData\Local\Programs\Microsoft VS Code\bin;C:\Users\m\AppData\Local\JetBrains\IntelliJ IDEA 2020.3\bin;;C:\Program Files\JetBrains\IntelliJ IDEA Educational Edition 2020.3.4\bin;;C:\Users\m\AppData\Roaming\npm;C:\Program Files\apache-maven-3.8.1\bin;C:\Program Files\Java\jdk-15.0.1\bin;C:\Users\m\AppData\Local\GitHubDesktop\bin
USERNAME=m
OS=Windows_NT
PROCESSOR_IDENTIFIER=Intel64 Family 6 Model 69 Stepping 1, GenuineIntel



---------------  S Y S T E M  ---------------

OS:
 Windows 10 , 64 bit Build 19041 (10.0.19041.1348)
OS uptime: 0 days 1:56 hours

CPU: total 4 (initial active 4) (2 cores per cpu, 2 threads per core) family 6 model 69 stepping 1 microcode 0x25, cmov, cx8, fxsr, mmx, sse, sse2, sse3, ssse3, sse4.1, sse4.2, popcnt, vzeroupper, avx, avx2, aes, clmul, erms, lzcnt, ht, tsc, tscinvbit, bmi1, bmi2, fma, clflush

Memory: 4k page, system-wide physical 4006M (271M free)
TotalPageFile size 7006M (AvailPageFile size 54M)
current process WorkingSet (physical memory assigned to process): 9M, peak: 9M
current process commit charge ("private bytes"): 49M, peak: 113M

vm_info: Java HotSpot(TM) 64-Bit Server VM (15.0.1+9-18) for windows-amd64 JRE (15.0.1+9-18), built on Sep 15 2020 14:43:54 by "mach5one" with unknown MS VC++:1925

END.
